{"numFailedTestSuites":0,"numFailedTests":0,"numPassedTestSuites":21,"numPassedTests":269,"numPendingTestSuites":0,"numPendingTests":0,"numRuntimeErrorTestSuites":0,"numTodoTests":0,"numTotalTestSuites":21,"numTotalTests":269,"openHandles":[],"snapshot":{"added":0,"didUpdate":false,"failure":false,"filesAdded":0,"filesRemoved":0,"filesRemovedList":[],"filesUnmatched":0,"filesUpdated":0,"matched":0,"total":0,"unchecked":0,"uncheckedKeysByFile":[],"unmatched":0,"updated":0},"startTime":1781706677131,"success":true,"testResults":[{"assertionResults":[{"ancestorTitles":["Gemini Core API"],"duration":20,"failing":false,"failureDetails":[],"failureMessages":[],"fullName":"Gemini Core API Returns text content when first model succeeds","invocations":1,"location":null,"numPassingAsserts":1,"retryReasons":[],"startAt":1781706692098,"status":"passed","title":"Returns text content when first model succeeds"},{"ancestorTitles":["Gemini Core API"],"duration":12,"failing":false,"failureDetails":[],"failureMessages":[],"fullName":"Gemini Core API Tries next model when first returns 404","invocations":1,"location":null,"numPassingAsserts":2,"retryReasons":[],"startAt":1781706692119,"status":"passed","title":"Tries next model when first returns 404"},{"ancestorTitles":["Gemini Core API"],"duration":16,"failing":false,"failureDetails":[],"failureMessages":[],"fullName":"Gemini Core API Retries same model on 503 before moving on","invocations":1,"location":null,"numPassingAsserts":1,"retryReasons":[],"startAt":1781706692132,"status":"passed","title":"Retries same model on 503 before moving on"},{"ancestorTitles":["Gemini Core API"],"duration":3,"failing":false,"failureDetails":[],"failureMessages":[],"fullName":"Gemini Core API Tries next model immediately on 429 quota hit","invocations":1,"location":null,"numPassingAsserts":1,"retryReasons":[],"startAt":1781706692157,"status":"passed","title":"Tries next model immediately on 429 quota hit"},{"ancestorTitles":["Gemini Core API"],"duration":18,"failing":false,"failureDetails":[],"failureMessages":[],"fullName":"Gemini Core API Returns null when all models fail","invocations":1,"location":null,"numPassingAsserts":1,"retryReasons":[],"startAt":1781706692165,"status":"passed","title":"Returns null when all models fail"},{"ancestorTitles":["Gemini Core API"],"duration":61,"failing":false,"failureDetails":[],"failureMessages":[],"fullName":"Gemini Core API Concurrency limiter allows max 2 concurrent requests","invocations":1,"location":null,"numPassingAsserts":1,"retryReasons":[],"startAt":1781706692189,"status":"passed","title":"Concurrency limiter allows max 2 concurrent requests"},{"ancestorTitles":["Gemini Core API"],"duration":8,"failing":false,"failureDetails":[],"failureMessages":[],"fullName":"Gemini Core API incrementUsage is called after successful response","invocations":1,"location":null,"numPassingAsserts":1,"retryReasons":[],"startAt":1781706692250,"status":"passed","title":"incrementUsage is called after successful response"},{"ancestorTitles":["Gemini Core API"],"duration":4,"failing":false,"failureDetails":[],"failureMessages":[],"fullName":"Gemini Core API incrementUsage is NOT called when all models fail","invocations":1,"location":null,"numPassingAsserts":1,"retryReasons":[],"startAt":1781706692265,"status":"passed","title":"incrementUsage is NOT called when all models fail"},{"ancestorTitles":["Gemini Core API"],"duration":11,"failing":false,"failureDetails":[],"failureMessages":[],"fullName":"Gemini Core API callGeminiQuiz returns text content when successful","invocations":1,"location":null,"numPassingAsserts":2,"retryReasons":[],"startAt":1781706692270,"status":"passed","title":"callGeminiQuiz returns text content when successful"},{"ancestorTitles":["Gemini Core API"],"duration":8,"failing":false,"failureDetails":[],"failureMessages":[],"fullName":"Gemini Core API callGeminiQuiz forwards systemInstruction to the model when provided","invocations":1,"location":null,"numPassingAsserts":1,"retryReasons":[],"startAt":1781706692282,"status":"passed","title":"callGeminiQuiz forwards systemInstruction to the model when provided"},{"ancestorTitles":["Gemini Core API"],"duration":2,"failing":false,"failureDetails":[],"failureMessages":[],"fullName":"Gemini Core API callGeminiQuiz is backward compatible when systemInstruction is omitted","invocations":1,"location":null,"numPassingAsserts":1,"retryReasons":[],"startAt":1781706692292,"status":"passed","title":"callGeminiQuiz is backward compatible when systemInstruction is omitted"},{"ancestorTitles":["Gemini Core API"],"duration":1,"failing":false,"failureDetails":[],"failureMessages":[],"fullName":"Gemini Core API testGeminiConnection returns true when enabled","invocations":1,"location":null,"numPassingAsserts":1,"retryReasons":[],"startAt":1781706692295,"status":"passed","title":"testGeminiConnection returns true when enabled"}],"endTime":1781706692307,"message":"","name":"C:\\Users\\SHAIKH\\OneDrive\\Desktop\\SSOC\\BallotIQ\\ballotiq\\__tests__\\lib\\geminiCore.test.ts","startTime":1781706687506,"status":"passed","summary":""},{"assertionResults":[{"ancestorTitles":["getFallbackGuide"],"duration":60,"failing":false,"failureDetails":[],"failureMessages":[],"fullName":"getFallbackGuide returns 7 steps for India beginner","invocations":1,"location":null,"numPassingAsserts":2,"retryReasons":[],"startAt":1781706692162,"status":"passed","title":"returns 7 steps for India beginner"},{"ancestorTitles":["getFallbackGuide"],"duration":5,"failing":false,"failureDetails":[],"failureMessages":[],"fullName":"getFallbackGuide returns fewer steps for India advanced than beginner","invocations":1,"location":null,"numPassingAsserts":1,"retryReasons":[],"startAt":1781706692225,"status":"passed","title":"returns fewer steps for India advanced than beginner"},{"ancestorTitles":["getFallbackGuide"],"duration":3,"failing":false,"failureDetails":[],"failureMessages":[],"fullName":"getFallbackGuide returns 7 steps for USA beginner","invocations":1,"location":null,"numPassingAsserts":2,"retryReasons":[],"startAt":1781706692230,"status":"passed","title":"returns 7 steps for USA beginner"},{"ancestorTitles":["getFallbackGuide"],"duration":7,"failing":false,"failureDetails":[],"failureMessages":[],"fullName":"getFallbackGuide returns null for unsupported country","invocations":1,"location":null,"numPassingAsserts":1,"retryReasons":[],"startAt":1781706692234,"status":"passed","title":"returns null for unsupported country"},{"ancestorTitles":["getFallbackGuide"],"duration":172,"failing":false,"failureDetails":[],"failureMessages":[],"fullName":"getFallbackGuide all fallback steps have required fields","invocations":1,"location":null,"numPassingAsserts":858,"retryReasons":[],"startAt":1781706692243,"status":"passed","title":"all fallback steps have required fields"},{"ancestorTitles":["getFallbackGuide"],"duration":3,"failing":false,"failureDetails":[],"failureMessages":[],"fullName":"getFallbackGuide steps are ordered correctly","invocations":1,"location":null,"numPassingAsserts":1,"retryReasons":[],"startAt":1781706692415,"status":"passed","title":"steps are ordered correctly"},{"ancestorTitles":["getFallbackGuide"],"duration":1,"failing":false,"failureDetails":[],"failureMessages":[],"fullName":"getFallbackGuide provides different content for India and USA for the same level","invocations":1,"location":null,"numPassingAsserts":2,"retryReasons":[],"startAt":1781706692419,"status":"passed","title":"provides different content for India and USA for the same level"},{"ancestorTitles":["getFallbackGuide"],"duration":1,"failing":false,"failureDetails":[],"failureMessages":[],"fullName":"getFallbackGuide returns steps for GB beginner","invocations":1,"location":null,"numPassingAsserts":2,"retryReasons":[],"startAt":1781706692420,"status":"passed","title":"returns steps for GB beginner"},{"ancestorTitles":["getFallbackGuide"],"duration":1,"failing":false,"failureDetails":[],"failureMessages":[],"fullName":"getFallbackGuide returns steps for FR beginner","invocations":1,"location":null,"numPassingAsserts":2,"retryReasons":[],"startAt":1781706692422,"status":"passed","title":"returns steps for FR beginner"},{"ancestorTitles":["getFallbackGuide"],"duration":2,"failing":false,"failureDetails":[],"failureMessages":[],"fullName":"getFallbackGuide returns steps for DE beginner","invocations":1,"location":null,"numPassingAsserts":2,"retryReasons":[],"startAt":1781706692423,"status":"passed","title":"returns steps for DE beginner"}],"endTime":1781706692428,"message":"","name":"C:\\Users\\SHAIKH\\OneDrive\\Desktop\\SSOC\\BallotIQ\\ballotiq\\__tests__\\lib\\fallback.test.ts","startTime":1781706687451,"status":"passed","summary":""},{"assertionResults":[{"ancestorTitles":["getDailyLimit"],"duration":2,"failing":false,"failureDetails":[],"failureMessages":[],"fullName":"getDailyLimit returns 40 for gemini","invocations":1,"location":null,"numPassingAsserts":1,"retryReasons":[],"startAt":1781706693671,"status":"passed","title":"returns 40 for gemini"},{"ancestorTitles":["getDailyLimit"],"duration":0,"failing":false,"failureDetails":[],"failureMessages":[],"fullName":"getDailyLimit returns 100 for translate","invocations":1,"location":null,"numPassingAsserts":1,"retryReasons":[],"startAt":1781706693674,"status":"passed","title":"returns 100 for translate"},{"ancestorTitles":["getDailyLimit"],"duration":0,"failing":false,"failureDetails":[],"failureMessages":[],"fullName":"getDailyLimit returns 50 for tts","invocations":1,"location":null,"numPassingAsserts":1,"retryReasons":[],"startAt":1781706693675,"status":"passed","title":"returns 50 for tts"},{"ancestorTitles":["getDailyLimit"],"duration":4,"failing":false,"failureDetails":[],"failureMessages":[],"fullName":"getDailyLimit returns positive integers for all services","invocations":1,"location":null,"numPassingAsserts":9,"retryReasons":[],"startAt":1781706693675,"status":"passed","title":"returns positive integers for all services"},{"ancestorTitles":["checkRateLimit"],"duration":17,"failing":false,"failureDetails":[],"failureMessages":[],"fullName":"checkRateLimit returns { allowed: true, remaining: 39 } when usage is below limit","invocations":1,"location":null,"numPassingAsserts":2,"retryReasons":[],"startAt":1781706693680,"status":"passed","title":"returns { allowed: true, remaining: 39 } when usage is below limit"},{"ancestorTitles":["checkRateLimit"],"duration":2,"failing":false,"failureDetails":[],"failureMessages":[],"fullName":"checkRateLimit returns { allowed: false, remaining: 0 } when usage is at limit","invocations":1,"location":null,"numPassingAsserts":2,"retryReasons":[],"startAt":1781706693698,"status":"passed","title":"returns { allowed: false, remaining: 0 } when usage is at limit"},{"ancestorTitles":["checkRateLimit"],"duration":8,"failing":false,"failureDetails":[],"failureMessages":[],"fullName":"checkRateLimit resets count and returns allowed when lastReset was yesterday","invocations":1,"location":null,"numPassingAsserts":3,"retryReasons":[],"startAt":1781706693703,"status":"passed","title":"resets count and returns allowed when lastReset was yesterday"},{"ancestorTitles":["checkRateLimit"],"duration":110,"failing":false,"failureDetails":[],"failureMessages":[],"fullName":"checkRateLimit returns allowed when Firestore throws (graceful degradation)","invocations":1,"location":null,"numPassingAsserts":2,"retryReasons":[],"startAt":1781706693713,"status":"passed","title":"returns allowed when Firestore throws (graceful degradation)"},{"ancestorTitles":["incrementUsage"],"duration":3,"failing":false,"failureDetails":[],"failureMessages":[],"fullName":"incrementUsage delegates to atomic Firestore transaction for gemini","invocations":1,"location":null,"numPassingAsserts":1,"retryReasons":[],"startAt":1781706693823,"status":"passed","title":"delegates to atomic Firestore transaction for gemini"},{"ancestorTitles":["incrementUsage"],"duration":2,"failing":false,"failureDetails":[],"failureMessages":[],"fullName":"incrementUsage delegates to atomic Firestore transaction for translate","invocations":1,"location":null,"numPassingAsserts":1,"retryReasons":[],"startAt":1781706693826,"status":"passed","title":"delegates to atomic Firestore transaction for translate"},{"ancestorTitles":["incrementUsage"],"duration":1,"failing":false,"failureDetails":[],"failureMessages":[],"fullName":"incrementUsage delegates to atomic Firestore transaction for tts","invocations":1,"location":null,"numPassingAsserts":1,"retryReasons":[],"startAt":1781706693829,"status":"passed","title":"delegates to atomic Firestore transaction for tts"},{"ancestorTitles":["incrementUsage"],"duration":7,"failing":false,"failureDetails":[],"failureMessages":[],"fullName":"incrementUsage handles Firestore failure silently without crashing the app","invocations":1,"location":null,"numPassingAsserts":1,"retryReasons":[],"startAt":1781706693830,"status":"passed","title":"handles Firestore failure silently without crashing the app"},{"ancestorTitles":["incrementUsage"],"duration":10,"failing":false,"failureDetails":[],"failureMessages":[],"fullName":"incrementUsage never bundles multiple service keys into a single write (bypass prevention)","invocations":1,"location":null,"numPassingAsserts":4,"retryReasons":[],"startAt":1781706693837,"status":"passed","title":"never bundles multiple service keys into a single write (bypass prevention)"},{"ancestorTitles":["incrementUsage"],"duration":3,"failing":false,"failureDetails":[],"failureMessages":[],"fullName":"incrementUsage passes exactly one service key per call — never an array or object (bypass prevention)","invocations":1,"location":null,"numPassingAsserts":2,"retryReasons":[],"startAt":1781706693847,"status":"passed","title":"passes exactly one service key per call — never an array or object (bypass prevention)"}],"endTime":1781706693854,"message":"","name":"C:\\Users\\SHAIKH\\OneDrive\\Desktop\\SSOC\\BallotIQ\\ballotiq\\__tests__\\lib\\rateLimit.test.ts","startTime":1781706692363,"status":"passed","summary":""},{"assertionResults":[{"ancestorTitles":["SafeHTML"],"duration":93,"failing":false,"failureDetails":[],"failureMessages":[],"fullName":"SafeHTML renders sanitized HTML content","invocations":1,"location":null,"numPassingAsserts":1,"retryReasons":[],"startAt":1781706693539,"status":"passed","title":"renders sanitized HTML content"},{"ancestorTitles":["SafeHTML"],"duration":21,"failing":false,"failureDetails":[],"failureMessages":[],"fullName":"SafeHTML shows opacity-50 while loading translation","invocations":1,"location":null,"numPassingAsserts":1,"retryReasons":[],"startAt":1781706693633,"status":"passed","title":"shows opacity-50 while loading translation"},{"ancestorTitles":["SafeHTML"],"duration":52,"failing":false,"failureDetails":[],"failureMessages":[],"fullName":"SafeHTML returns to opacity-100 after translation completes","invocations":1,"location":null,"numPassingAsserts":2,"retryReasons":[],"startAt":1781706693655,"status":"passed","title":"returns to opacity-100 after translation completes"},{"ancestorTitles":["SafeHTML"],"duration":14,"failing":false,"failureDetails":[],"failureMessages":[],"fullName":"SafeHTML when language is \"en\", does not call translate","invocations":1,"location":null,"numPassingAsserts":2,"retryReasons":[],"startAt":1781706693707,"status":"passed","title":"when language is \"en\", does not call translate"},{"ancestorTitles":["SafeHTML"],"duration":60,"failing":false,"failureDetails":[],"failureMessages":[],"fullName":"SafeHTML when html is empty string, renders empty without calling translate","invocations":1,"location":null,"numPassingAsserts":2,"retryReasons":[],"startAt":1781706693723,"status":"passed","title":"when html is empty string, renders empty without calling translate"},{"ancestorTitles":["SafeHTML"],"duration":166,"failing":false,"failureDetails":[],"failureMessages":[],"fullName":"SafeHTML has role=\"region\" and aria-label=\"AI generated content\"","invocations":1,"location":null,"numPassingAsserts":1,"retryReasons":[],"startAt":1781706693783,"status":"passed","title":"has role=\"region\" and aria-label=\"AI generated content\""},{"ancestorTitles":["SafeHTML"],"duration":12,"failing":false,"failureDetails":[],"failureMessages":[],"fullName":"SafeHTML cleans up isMounted on unmount","invocations":1,"location":null,"numPassingAsserts":0,"retryReasons":[],"startAt":1781706693949,"status":"passed","title":"cleans up isMounted on unmount"}],"endTime":1781706693963,"message":"","name":"C:\\Users\\SHAIKH\\OneDrive\\Desktop\\SSOC\\BallotIQ\\ballotiq\\__tests__\\components\\SafeHTML.test.tsx","startTime":1781706692476,"status":"passed","summary":""},{"assertionResults":[{"ancestorTitles":["TTSButton"],"duration":104,"failing":false,"failureDetails":[],"failureMessages":[],"fullName":"TTSButton renders \"Listen\" text and Volume2 icon when not active","invocations":1,"location":null,"numPassingAsserts":2,"retryReasons":[],"startAt":1781706693540,"status":"passed","title":"renders \"Listen\" text and Volume2 icon when not active"},{"ancestorTitles":["TTSButton"],"duration":21,"failing":false,"failureDetails":[],"failureMessages":[],"fullName":"TTSButton renders \"Stop\" text and VolumeX icon when active","invocations":1,"location":null,"numPassingAsserts":2,"retryReasons":[],"startAt":1781706693646,"status":"passed","title":"renders \"Stop\" text and VolumeX icon when active"},{"ancestorTitles":["TTSButton"],"duration":21,"failing":false,"failureDetails":[],"failureMessages":[],"fullName":"TTSButton renders \"Listen\" when isSpeaking=true but currentText does NOT match text prop","invocations":1,"location":null,"numPassingAsserts":1,"retryReasons":[],"startAt":1781706693667,"status":"passed","title":"renders \"Listen\" when isSpeaking=true but currentText does NOT match text prop"},{"ancestorTitles":["TTSButton"],"duration":286,"failing":false,"failureDetails":[],"failureMessages":[],"fullName":"TTSButton clicking button calls onToggle with the text prop","invocations":1,"location":null,"numPassingAsserts":1,"retryReasons":[],"startAt":1781706693689,"status":"passed","title":"clicking button calls onToggle with the text prop"},{"ancestorTitles":["TTSButton"],"duration":74,"failing":false,"failureDetails":[],"failureMessages":[],"fullName":"TTSButton aria-pressed is false when not active","invocations":1,"location":null,"numPassingAsserts":1,"retryReasons":[],"startAt":1781706693976,"status":"passed","title":"aria-pressed is false when not active"},{"ancestorTitles":["TTSButton"],"duration":51,"failing":false,"failureDetails":[],"failureMessages":[],"fullName":"TTSButton aria-pressed is true when active","invocations":1,"location":null,"numPassingAsserts":1,"retryReasons":[],"startAt":1781706694057,"status":"passed","title":"aria-pressed is true when active"},{"ancestorTitles":["TTSButton"],"duration":15,"failing":false,"failureDetails":[],"failureMessages":[],"fullName":"TTSButton aria-label is \"Read aloud\" when not active","invocations":1,"location":null,"numPassingAsserts":1,"retryReasons":[],"startAt":1781706694110,"status":"passed","title":"aria-label is \"Read aloud\" when not active"},{"ancestorTitles":["TTSButton"],"duration":20,"failing":false,"failureDetails":[],"failureMessages":[],"fullName":"TTSButton aria-label is \"Stop reading aloud\" when active","invocations":1,"location":null,"numPassingAsserts":1,"retryReasons":[],"startAt":1781706694126,"status":"passed","title":"aria-label is \"Stop reading aloud\" when active"}],"endTime":1781706694154,"message":"","name":"C:\\Users\\SHAIKH\\OneDrive\\Desktop\\SSOC\\BallotIQ\\ballotiq\\__tests__\\components\\TTSButton.test.tsx","startTime":1781706687486,"status":"passed","summary":""},{"assertionResults":[{"ancestorTitles":["VoiceInputButton"],"duration":151,"failing":false,"failureDetails":[],"failureMessages":[],"fullName":"VoiceInputButton renders microphone icon when isListening is false","invocations":1,"location":null,"numPassingAsserts":2,"retryReasons":[],"startAt":1781706694031,"status":"passed","title":"renders microphone icon when isListening is false"},{"ancestorTitles":["VoiceInputButton"],"duration":28,"failing":false,"failureDetails":[],"failureMessages":[],"fullName":"VoiceInputButton renders stop/active state when isListening is true","invocations":1,"location":null,"numPassingAsserts":3,"retryReasons":[],"startAt":1781706694183,"status":"passed","title":"renders stop/active state when isListening is true"},{"ancestorTitles":["VoiceInputButton"],"duration":266,"failing":false,"failureDetails":[],"failureMessages":[],"fullName":"VoiceInputButton clicking button calls onToggle when not listening","invocations":1,"location":null,"numPassingAsserts":1,"retryReasons":[],"startAt":1781706694211,"status":"passed","title":"clicking button calls onToggle when not listening"},{"ancestorTitles":["VoiceInputButton"],"duration":78,"failing":false,"failureDetails":[],"failureMessages":[],"fullName":"VoiceInputButton clicking button calls onToggle when listening","invocations":1,"location":null,"numPassingAsserts":1,"retryReasons":[],"startAt":1781706694478,"status":"passed","title":"clicking button calls onToggle when listening"},{"ancestorTitles":["VoiceInputButton"],"duration":32,"failing":false,"failureDetails":[],"failureMessages":[],"fullName":"VoiceInputButton button is disabled when isLoading prop is true","invocations":1,"location":null,"numPassingAsserts":1,"retryReasons":[],"startAt":1781706694559,"status":"passed","title":"button is disabled when isLoading prop is true"},{"ancestorTitles":["VoiceInputButton"],"duration":47,"failing":false,"failureDetails":[],"failureMessages":[],"fullName":"VoiceInputButton has correct aria-label when listening","invocations":1,"location":null,"numPassingAsserts":1,"retryReasons":[],"startAt":1781706694592,"status":"passed","title":"has correct aria-label when listening"},{"ancestorTitles":["VoiceInputButton"],"duration":43,"failing":false,"failureDetails":[],"failureMessages":[],"fullName":"VoiceInputButton has correct aria-label when not listening","invocations":1,"location":null,"numPassingAsserts":1,"retryReasons":[],"startAt":1781706694639,"status":"passed","title":"has correct aria-label when not listening"},{"ancestorTitles":["VoiceInputButton"],"duration":624,"failing":false,"failureDetails":[],"failureMessages":[],"fullName":"VoiceInputButton has no accessibility violations in both states","invocations":1,"location":null,"numPassingAsserts":2,"retryReasons":[],"startAt":1781706694682,"status":"passed","title":"has no accessibility violations in both states"}],"endTime":1781706695319,"message":"","name":"C:\\Users\\SHAIKH\\OneDrive\\Desktop\\SSOC\\BallotIQ\\ballotiq\\__tests__\\components\\VoiceInputButton.test.tsx","startTime":1781706687453,"status":"passed","summary":""},{"assertionResults":[{"ancestorTitles":["TranslatedText"],"duration":31,"failing":false,"failureDetails":[],"failureMessages":[],"fullName":"TranslatedText renders original text when language is \"en\"","invocations":1,"location":null,"numPassingAsserts":2,"retryReasons":[],"startAt":1781706695605,"status":"passed","title":"renders original text when language is \"en\""},{"ancestorTitles":["TranslatedText"],"duration":62,"failing":false,"failureDetails":[],"failureMessages":[],"fullName":"TranslatedText renders translated text when language is not \"en\" (default isStatic={true})","invocations":1,"location":null,"numPassingAsserts":2,"retryReasons":[],"startAt":1781706695636,"status":"passed","title":"renders translated text when language is not \"en\" (default isStatic={true})"},{"ancestorTitles":["TranslatedText"],"duration":18,"failing":false,"failureDetails":[],"failureMessages":[],"fullName":"TranslatedText renders translated text when language is not \"en\" with isStatic={false}","invocations":1,"location":null,"numPassingAsserts":2,"retryReasons":[],"startAt":1781706695698,"status":"passed","title":"renders translated text when language is not \"en\" with isStatic={false}"},{"ancestorTitles":["TranslatedText"],"duration":8,"failing":false,"failureDetails":[],"failureMessages":[],"fullName":"TranslatedText shows opacity-50 class while translating","invocations":1,"location":null,"numPassingAsserts":1,"retryReasons":[],"startAt":1781706695716,"status":"passed","title":"shows opacity-50 class while translating"},{"ancestorTitles":["TranslatedText"],"duration":15,"failing":false,"failureDetails":[],"failureMessages":[],"fullName":"TranslatedText shows opacity-100 after translation completes","invocations":1,"location":null,"numPassingAsserts":1,"retryReasons":[],"startAt":1781706695724,"status":"passed","title":"shows opacity-100 after translation completes"},{"ancestorTitles":["TranslatedText"],"duration":5,"failing":false,"failureDetails":[],"failureMessages":[],"fullName":"TranslatedText renders as \"span\" by default","invocations":1,"location":null,"numPassingAsserts":1,"retryReasons":[],"startAt":1781706695740,"status":"passed","title":"renders as \"span\" by default"},{"ancestorTitles":["TranslatedText"],"duration":11,"failing":false,"failureDetails":[],"failureMessages":[],"fullName":"TranslatedText renders as the element specified in \"as\" prop","invocations":1,"location":null,"numPassingAsserts":2,"retryReasons":[],"startAt":1781706695745,"status":"passed","title":"renders as the element specified in \"as\" prop"},{"ancestorTitles":["TranslatedText"],"duration":46,"failing":false,"failureDetails":[],"failureMessages":[],"fullName":"TranslatedText does not call translate when text is empty string","invocations":1,"location":null,"numPassingAsserts":1,"retryReasons":[],"startAt":1781706695759,"status":"passed","title":"does not call translate when text is empty string"},{"ancestorTitles":["TranslatedText"],"duration":9,"failing":false,"failureDetails":[],"failureMessages":[],"fullName":"TranslatedText cleans up on unmount","invocations":1,"location":null,"numPassingAsserts":0,"retryReasons":[],"startAt":1781706695806,"status":"passed","title":"cleans up on unmount"}],"endTime":1781706695818,"message":"","name":"C:\\Users\\SHAIKH\\OneDrive\\Desktop\\SSOC\\BallotIQ\\ballotiq\\__tests__\\components\\TranslatedText.test.tsx","startTime":1781706694213,"status":"passed","summary":""},{"assertionResults":[{"ancestorTitles":["useSTT"],"duration":120,"failing":false,"failureDetails":[],"failureMessages":[],"fullName":"useSTT sets error when recognition is not supported","invocations":1,"location":null,"numPassingAsserts":1,"retryReasons":[],"startAt":1781706695747,"status":"passed","title":"sets error when recognition is not supported"},{"ancestorTitles":["useSTT"],"duration":42,"failing":false,"failureDetails":[],"failureMessages":[],"fullName":"useSTT startListening does nothing when not supported","invocations":1,"location":null,"numPassingAsserts":1,"retryReasons":[],"startAt":1781706695873,"status":"passed","title":"startListening does nothing when not supported"},{"ancestorTitles":["useSTT","with support"],"duration":32,"failing":false,"failureDetails":[],"failureMessages":[],"fullName":"useSTT with support sets isListening: true when recognition starts","invocations":1,"location":null,"numPassingAsserts":2,"retryReasons":[],"startAt":1781706695916,"status":"passed","title":"sets isListening: true when recognition starts"},{"ancestorTitles":["useSTT","with support"],"duration":13,"failing":false,"failureDetails":[],"failureMessages":[],"fullName":"useSTT with support sets transcript and calls onResult when receiving final result","invocations":1,"location":null,"numPassingAsserts":2,"retryReasons":[],"startAt":1781706695948,"status":"passed","title":"sets transcript and calls onResult when receiving final result"},{"ancestorTitles":["useSTT","with support"],"duration":14,"failing":false,"failureDetails":[],"failureMessages":[],"fullName":"useSTT with support sets isListening: false when recognition ends","invocations":1,"location":null,"numPassingAsserts":2,"retryReasons":[],"startAt":1781706695961,"status":"passed","title":"sets isListening: false when recognition ends"},{"ancestorTitles":["useSTT","with support"],"duration":7,"failing":false,"failureDetails":[],"failureMessages":[],"fullName":"useSTT with support sets error state when recognition fires an error","invocations":1,"location":null,"numPassingAsserts":2,"retryReasons":[],"startAt":1781706695975,"status":"passed","title":"sets error state when recognition fires an error"},{"ancestorTitles":["useSTT","with support"],"duration":6,"failing":false,"failureDetails":[],"failureMessages":[],"fullName":"useSTT with support stopListening stops the recognition","invocations":1,"location":null,"numPassingAsserts":2,"retryReasons":[],"startAt":1781706695983,"status":"passed","title":"stopListening stops the recognition"}],"endTime":1781706695991,"message":"","name":"C:\\Users\\SHAIKH\\OneDrive\\Desktop\\SSOC\\BallotIQ\\ballotiq\\__tests__\\hooks\\useSTT.test.ts","startTime":1781706693995,"status":"passed","summary":""},{"assertionResults":[{"ancestorTitles":["StepCard"],"duration":1015,"failing":false,"failureDetails":[],"failureMessages":[],"fullName":"StepCard should have no accessibility violations","invocations":1,"location":null,"numPassingAsserts":1,"retryReasons":[],"startAt":1781706694122,"status":"passed","title":"should have no accessibility violations"},{"ancestorTitles":["StepCard"],"duration":151,"failing":false,"failureDetails":[],"failureMessages":[],"fullName":"StepCard renders step title and basic info","invocations":1,"location":null,"numPassingAsserts":2,"retryReasons":[],"startAt":1781706695138,"status":"passed","title":"renders step title and basic info"},{"ancestorTitles":["StepCard"],"duration":61,"failing":false,"failureDetails":[],"failureMessages":[],"fullName":"StepCard shows simpleExplanation when adaptationActive is true","invocations":1,"location":null,"numPassingAsserts":1,"retryReasons":[],"startAt":1781706695290,"status":"passed","title":"shows simpleExplanation when adaptationActive is true"},{"ancestorTitles":["StepCard"],"duration":63,"failing":false,"failureDetails":[],"failureMessages":[],"fullName":"StepCard shows detailedExplanation for beginner when adaptation is false","invocations":1,"location":null,"numPassingAsserts":1,"retryReasons":[],"startAt":1781706695351,"status":"passed","title":"shows detailedExplanation for beginner when adaptation is false"},{"ancestorTitles":["StepCard"],"duration":68,"failing":false,"failureDetails":[],"failureMessages":[],"fullName":"StepCard calls onComplete when button is clicked","invocations":1,"location":null,"numPassingAsserts":1,"retryReasons":[],"startAt":1781706695414,"status":"passed","title":"calls onComplete when button is clicked"},{"ancestorTitles":["StepCard"],"duration":87,"failing":false,"failureDetails":[],"failureMessages":[],"fullName":"StepCard toggles requirements visibility","invocations":1,"location":null,"numPassingAsserts":2,"retryReasons":[],"startAt":1781706695482,"status":"passed","title":"toggles requirements visibility"},{"ancestorTitles":["StepCard"],"duration":77,"failing":false,"failureDetails":[],"failureMessages":[],"fullName":"StepCard renders with correct aria-label for accessibility","invocations":1,"location":null,"numPassingAsserts":1,"retryReasons":[],"startAt":1781706695569,"status":"passed","title":"renders with correct aria-label for accessibility"},{"ancestorTitles":["StepCard"],"duration":55,"failing":false,"failureDetails":[],"failureMessages":[],"fullName":"StepCard shows checkmark icon when completed","invocations":1,"location":null,"numPassingAsserts":2,"retryReasons":[],"startAt":1781706695646,"status":"passed","title":"shows checkmark icon when completed"},{"ancestorTitles":["StepCard"],"duration":109,"failing":false,"failureDetails":[],"failureMessages":[],"fullName":"StepCard toggles tips visibility","invocations":1,"location":null,"numPassingAsserts":2,"retryReasons":[],"startAt":1781706695702,"status":"passed","title":"toggles tips visibility"},{"ancestorTitles":["StepCard"],"duration":113,"failing":false,"failureDetails":[],"failureMessages":[],"fullName":"StepCard hides complete button when step is already completed","invocations":1,"location":null,"numPassingAsserts":1,"retryReasons":[],"startAt":1781706695812,"status":"passed","title":"hides complete button when step is already completed"},{"ancestorTitles":["StepCard"],"duration":48,"failing":false,"failureDetails":[],"failureMessages":[],"fullName":"StepCard simplification logic handles long text and word replacements","invocations":1,"location":null,"numPassingAsserts":7,"retryReasons":[],"startAt":1781706695926,"status":"passed","title":"simplification logic handles long text and word replacements"},{"ancestorTitles":["StepCard"],"duration":70,"failing":false,"failureDetails":[],"failureMessages":[],"fullName":"StepCard appends importance suffix when adaptationActive is true and content is short","invocations":1,"location":null,"numPassingAsserts":1,"retryReasons":[],"startAt":1781706695974,"status":"passed","title":"appends importance suffix when adaptationActive is true and content is short"},{"ancestorTitles":["StepCard"],"duration":45,"failing":false,"failureDetails":[],"failureMessages":[],"fullName":"StepCard returns original text when sentences array is empty after filtering","invocations":1,"location":null,"numPassingAsserts":1,"retryReasons":[],"startAt":1781706696044,"status":"passed","title":"returns original text when sentences array is empty after filtering"},{"ancestorTitles":["StepCard"],"duration":31,"failing":false,"failureDetails":[],"failureMessages":[],"fullName":"StepCard falls back to description when detailedExplanation is absent and adaptationActive is false","invocations":1,"location":null,"numPassingAsserts":1,"retryReasons":[],"startAt":1781706696089,"status":"passed","title":"falls back to description when detailedExplanation is absent and adaptationActive is false"},{"ancestorTitles":["StepCard"],"duration":33,"failing":false,"failureDetails":[],"failureMessages":[],"fullName":"StepCard applies opacity-60 styling when isActive and isCompleted are both false (locked state)","invocations":1,"location":null,"numPassingAsserts":1,"retryReasons":[],"startAt":1781706696120,"status":"passed","title":"applies opacity-60 styling when isActive and isCompleted are both false (locked state)"},{"ancestorTitles":["StepCard"],"duration":37,"failing":false,"failureDetails":[],"failureMessages":[],"fullName":"StepCard applies blue border styling when isActive is true and isCompleted is false","invocations":1,"location":null,"numPassingAsserts":1,"retryReasons":[],"startAt":1781706696155,"status":"passed","title":"applies blue border styling when isActive is true and isCompleted is false"},{"ancestorTitles":["StepCard"],"duration":31,"failing":false,"failureDetails":[],"failureMessages":[],"fullName":"StepCard displays \"Legal & Technical Detail\" level label when knowledgeLevel is advanced","invocations":1,"location":null,"numPassingAsserts":1,"retryReasons":[],"startAt":1781706696193,"status":"passed","title":"displays \"Legal & Technical Detail\" level label when knowledgeLevel is advanced"},{"ancestorTitles":["StepCard"],"duration":72,"failing":false,"failureDetails":[],"failureMessages":[],"fullName":"StepCard renders official source link when knowledgeLevel is intermediate, isActive is true, and electionBodyUrl is provided","invocations":1,"location":null,"numPassingAsserts":2,"retryReasons":[],"startAt":1781706696224,"status":"passed","title":"renders official source link when knowledgeLevel is intermediate, isActive is true, and electionBodyUrl is provided"},{"ancestorTitles":["StepCard"],"duration":31,"failing":false,"failureDetails":[],"failureMessages":[],"fullName":"StepCard does NOT render official source link when knowledgeLevel is beginner, even with electionBodyUrl","invocations":1,"location":null,"numPassingAsserts":1,"retryReasons":[],"startAt":1781706696296,"status":"passed","title":"does NOT render official source link when knowledgeLevel is beginner, even with electionBodyUrl"}],"endTime":1781706696333,"message":"","name":"C:\\Users\\SHAIKH\\OneDrive\\Desktop\\SSOC\\BallotIQ\\ballotiq\\__tests__\\components\\StepCard.test.tsx","startTime":1781706687452,"status":"passed","summary":""},{"assertionResults":[{"ancestorTitles":["MicroQuiz"],"duration":1161,"failing":false,"failureDetails":[],"failureMessages":[],"fullName":"MicroQuiz has no accessibility violations","invocations":1,"location":null,"numPassingAsserts":1,"retryReasons":[],"startAt":1781706694286,"status":"passed","title":"has no accessibility violations"},{"ancestorTitles":["MicroQuiz"],"duration":55,"failing":false,"failureDetails":[],"failureMessages":[],"fullName":"MicroQuiz renders question and options","invocations":1,"location":null,"numPassingAsserts":2,"retryReasons":[],"startAt":1781706695450,"status":"passed","title":"renders question and options"},{"ancestorTitles":["MicroQuiz"],"duration":43,"failing":false,"failureDetails":[],"failureMessages":[],"fullName":"MicroQuiz calls onSubmit when option is clicked","invocations":1,"location":null,"numPassingAsserts":1,"retryReasons":[],"startAt":1781706695506,"status":"passed","title":"calls onSubmit when option is clicked"},{"ancestorTitles":["MicroQuiz"],"duration":40,"failing":false,"failureDetails":[],"failureMessages":[],"fullName":"MicroQuiz shows correct feedback when isCorrect is true","invocations":1,"location":null,"numPassingAsserts":1,"retryReasons":[],"startAt":1781706695549,"status":"passed","title":"shows correct feedback when isCorrect is true"},{"ancestorTitles":["MicroQuiz"],"duration":65,"failing":false,"failureDetails":[],"failureMessages":[],"fullName":"MicroQuiz shows error feedback and re-explanation when isCorrect is false","invocations":1,"location":null,"numPassingAsserts":2,"retryReasons":[],"startAt":1781706695590,"status":"passed","title":"shows error feedback and re-explanation when isCorrect is false"},{"ancestorTitles":["MicroQuiz"],"duration":66,"failing":false,"failureDetails":[],"failureMessages":[],"fullName":"MicroQuiz calls onContinue when continue button is clicked","invocations":1,"location":null,"numPassingAsserts":1,"retryReasons":[],"startAt":1781706695656,"status":"passed","title":"calls onContinue when continue button is clicked"},{"ancestorTitles":["MicroQuiz"],"duration":99,"failing":false,"failureDetails":[],"failureMessages":[],"fullName":"MicroQuiz toggles hint visibility when hint button is clicked","invocations":1,"location":null,"numPassingAsserts":2,"retryReasons":[],"startAt":1781706695723,"status":"passed","title":"toggles hint visibility when hint button is clicked"},{"ancestorTitles":["MicroQuiz"],"duration":23,"failing":false,"failureDetails":[],"failureMessages":[],"fullName":"MicroQuiz When isLoading is true, renders the skeleton/pulse loading state (4 skeleton divs visible, no question text)","invocations":1,"location":null,"numPassingAsserts":3,"retryReasons":[],"startAt":1781706695823,"status":"passed","title":"When isLoading is true, renders the skeleton/pulse loading state (4 skeleton divs visible, no question text)"},{"ancestorTitles":["MicroQuiz"],"duration":51,"failing":false,"failureDetails":[],"failureMessages":[],"fullName":"MicroQuiz When isLoading is false and question is loaded, skeleton is NOT visible","invocations":1,"location":null,"numPassingAsserts":1,"retryReasons":[],"startAt":1781706695847,"status":"passed","title":"When isLoading is false and question is loaded, skeleton is NOT visible"},{"ancestorTitles":["MicroQuiz"],"duration":63,"failing":false,"failureDetails":[],"failureMessages":[],"fullName":"MicroQuiz When onSpeak prop is provided, TTSButton renders in the quiz","invocations":1,"location":null,"numPassingAsserts":1,"retryReasons":[],"startAt":1781706695900,"status":"passed","title":"When onSpeak prop is provided, TTSButton renders in the quiz"},{"ancestorTitles":["MicroQuiz"],"duration":40,"failing":false,"failureDetails":[],"failureMessages":[],"fullName":"MicroQuiz When onSpeak prop is not provided, TTSButton does NOT render","invocations":1,"location":null,"numPassingAsserts":1,"retryReasons":[],"startAt":1781706695964,"status":"passed","title":"When onSpeak prop is not provided, TTSButton does NOT render"},{"ancestorTitles":["MicroQuiz"],"duration":117,"failing":false,"failureDetails":[],"failureMessages":[],"fullName":"MicroQuiz When answer is wrong and isReExplaining is true, shows the AI thinking loading state","invocations":1,"location":null,"numPassingAsserts":1,"retryReasons":[],"startAt":1781706696010,"status":"passed","title":"When answer is wrong and isReExplaining is true, shows the AI thinking loading state"},{"ancestorTitles":["MicroQuiz"],"duration":68,"failing":false,"failureDetails":[],"failureMessages":[],"fullName":"MicroQuiz When answer is wrong and re-explanation text is available, it renders in the UI","invocations":1,"location":null,"numPassingAsserts":1,"retryReasons":[],"startAt":1781706696127,"status":"passed","title":"When answer is wrong and re-explanation text is available, it renders in the UI"},{"ancestorTitles":["MicroQuiz"],"duration":30,"failing":false,"failureDetails":[],"failureMessages":[],"fullName":"MicroQuiz When onInteraction prop is provided, it is called when user selects an answer","invocations":1,"location":null,"numPassingAsserts":1,"retryReasons":[],"startAt":1781706696197,"status":"passed","title":"When onInteraction prop is provided, it is called when user selects an answer"},{"ancestorTitles":["MicroQuiz"],"duration":3,"failing":false,"failureDetails":[],"failureMessages":[],"fullName":"MicroQuiz When loading={false} and question={null}, component returns null — container is empty","invocations":1,"location":null,"numPassingAsserts":1,"retryReasons":[],"startAt":1781706696228,"status":"passed","title":"When loading={false} and question={null}, component returns null — container is empty"},{"ancestorTitles":["MicroQuiz"],"duration":35,"failing":false,"failureDetails":[],"failureMessages":[],"fullName":"MicroQuiz When hint button is clicked and onInteraction is provided, onInteraction is called","invocations":1,"location":null,"numPassingAsserts":1,"retryReasons":[],"startAt":1781706696231,"status":"passed","title":"When hint button is clicked and onInteraction is provided, onInteraction is called"},{"ancestorTitles":["MicroQuiz"],"duration":49,"failing":false,"failureDetails":[],"failureMessages":[],"fullName":"MicroQuiz When isCorrect={false} and explanation is empty string, renders TranslatedText with empty string fallback","invocations":1,"location":null,"numPassingAsserts":1,"retryReasons":[],"startAt":1781706696266,"status":"passed","title":"When isCorrect={false} and explanation is empty string, renders TranslatedText with empty string fallback"},{"ancestorTitles":["MicroQuiz"],"duration":35,"failing":false,"failureDetails":[],"failureMessages":[],"fullName":"MicroQuiz When reExplanation is null and isReExplaining is false, SafeHTML does not render","invocations":1,"location":null,"numPassingAsserts":1,"retryReasons":[],"startAt":1781706696315,"status":"passed","title":"When reExplanation is null and isReExplaining is false, SafeHTML does not render"},{"ancestorTitles":["MicroQuiz"],"duration":88,"failing":false,"failureDetails":[],"failureMessages":[],"fullName":"MicroQuiz When reExplanation has content and isReExplaining is false, SafeHTML renders with the reExplanation content","invocations":1,"location":null,"numPassingAsserts":1,"retryReasons":[],"startAt":1781706696355,"status":"passed","title":"When reExplanation has content and isReExplaining is false, SafeHTML renders with the reExplanation content"},{"ancestorTitles":["MicroQuiz"],"duration":34,"failing":false,"failureDetails":[],"failureMessages":[],"fullName":"MicroQuiz When Continue button is clicked and onInteraction is provided, onInteraction is called","invocations":1,"location":null,"numPassingAsserts":1,"retryReasons":[],"startAt":1781706696444,"status":"passed","title":"When Continue button is clicked and onInteraction is provided, onInteraction is called"}],"endTime":1781706696483,"message":"","name":"C:\\Users\\SHAIKH\\OneDrive\\Desktop\\SSOC\\BallotIQ\\ballotiq\\__tests__\\components\\MicroQuiz.test.tsx","startTime":1781706687450,"status":"passed","summary":""},{"assertionResults":[{"ancestorTitles":["DiagnosticQuestion"],"duration":886,"failing":false,"failureDetails":[],"failureMessages":[],"fullName":"DiagnosticQuestion should have no accessibility violations","invocations":1,"location":null,"numPassingAsserts":1,"retryReasons":[],"startAt":1781706694185,"status":"passed","title":"should have no accessibility violations"},{"ancestorTitles":["DiagnosticQuestion"],"duration":124,"failing":false,"failureDetails":[],"failureMessages":[],"fullName":"DiagnosticQuestion renders question 1 with correct buttons","invocations":1,"location":null,"numPassingAsserts":3,"retryReasons":[],"startAt":1781706695072,"status":"passed","title":"renders question 1 with correct buttons"},{"ancestorTitles":["DiagnosticQuestion"],"duration":75,"failing":false,"failureDetails":[],"failureMessages":[],"fullName":"DiagnosticQuestion calls onAnswer with boolean for question 1","invocations":1,"location":null,"numPassingAsserts":1,"retryReasons":[],"startAt":1781706695224,"status":"passed","title":"calls onAnswer with boolean for question 1"},{"ancestorTitles":["DiagnosticQuestion"],"duration":49,"failing":false,"failureDetails":[],"failureMessages":[],"fullName":"DiagnosticQuestion calls onAnswer with false for question 1 \"No, first time\"","invocations":1,"location":null,"numPassingAsserts":1,"retryReasons":[],"startAt":1781706695299,"status":"passed","title":"calls onAnswer with false for question 1 \"No, first time\""},{"ancestorTitles":["DiagnosticQuestion"],"duration":36,"failing":false,"failureDetails":[],"failureMessages":[],"fullName":"DiagnosticQuestion calls onAnswer with false (logic) for question 1 \"I'm not sure yet\"","invocations":1,"location":null,"numPassingAsserts":1,"retryReasons":[],"startAt":1781706695349,"status":"passed","title":"calls onAnswer with false (logic) for question 1 \"I'm not sure yet\""},{"ancestorTitles":["DiagnosticQuestion"],"duration":38,"failing":false,"failureDetails":[],"failureMessages":[],"fullName":"DiagnosticQuestion renders question 2 with 1-5 scale labels","invocations":1,"location":null,"numPassingAsserts":3,"retryReasons":[],"startAt":1781706695385,"status":"passed","title":"renders question 2 with 1-5 scale labels"},{"ancestorTitles":["DiagnosticQuestion"],"duration":38,"failing":false,"failureDetails":[],"failureMessages":[],"fullName":"DiagnosticQuestion calls onAnswer with number for question 2","invocations":1,"location":null,"numPassingAsserts":1,"retryReasons":[],"startAt":1781706695424,"status":"passed","title":"calls onAnswer with number for question 2"},{"ancestorTitles":["DiagnosticQuestion"],"duration":34,"failing":false,"failureDetails":[],"failureMessages":[],"fullName":"DiagnosticQuestion calls onAnswer with 5 for question 2 \"Very knowledgeable\"","invocations":1,"location":null,"numPassingAsserts":1,"retryReasons":[],"startAt":1781706695462,"status":"passed","title":"calls onAnswer with 5 for question 2 \"Very knowledgeable\""},{"ancestorTitles":["DiagnosticQuestion"],"duration":38,"failing":false,"failureDetails":[],"failureMessages":[],"fullName":"DiagnosticQuestion renders question 3 with textarea","invocations":1,"location":null,"numPassingAsserts":1,"retryReasons":[],"startAt":1781706695497,"status":"passed","title":"renders question 3 with textarea"},{"ancestorTitles":["DiagnosticQuestion"],"duration":92,"failing":false,"failureDetails":[],"failureMessages":[],"fullName":"DiagnosticQuestion calls onAnswer with sanitized text for question 3","invocations":1,"location":null,"numPassingAsserts":1,"retryReasons":[],"startAt":1781706695536,"status":"passed","title":"calls onAnswer with sanitized text for question 3"},{"ancestorTitles":["DiagnosticQuestion"],"duration":54,"failing":false,"failureDetails":[],"failureMessages":[],"fullName":"DiagnosticQuestion submits fallback text for question 3 when textarea is empty","invocations":1,"location":null,"numPassingAsserts":1,"retryReasons":[],"startAt":1781706695629,"status":"passed","title":"submits fallback text for question 3 when textarea is empty"},{"ancestorTitles":["DiagnosticQuestion"],"duration":61,"failing":false,"failureDetails":[],"failureMessages":[],"fullName":"DiagnosticQuestion Ctrl+Enter submits the answer in question 3","invocations":1,"location":null,"numPassingAsserts":1,"retryReasons":[],"startAt":1781706695684,"status":"passed","title":"Ctrl+Enter submits the answer in question 3"},{"ancestorTitles":["DiagnosticQuestion"],"duration":70,"failing":false,"failureDetails":[],"failureMessages":[],"fullName":"DiagnosticQuestion Cmd+Enter (metaKey) submits the answer in question 3","invocations":1,"location":null,"numPassingAsserts":1,"retryReasons":[],"startAt":1781706695745,"status":"passed","title":"Cmd+Enter (metaKey) submits the answer in question 3"},{"ancestorTitles":["DiagnosticQuestion"],"duration":40,"failing":false,"failureDetails":[],"failureMessages":[],"fullName":"DiagnosticQuestion Ctrl+Enter does NOT submit when isLoading is true","invocations":1,"location":null,"numPassingAsserts":1,"retryReasons":[],"startAt":1781706695815,"status":"passed","title":"Ctrl+Enter does NOT submit when isLoading is true"},{"ancestorTitles":["DiagnosticQuestion"],"duration":111,"failing":false,"failureDetails":[],"failureMessages":[],"fullName":"DiagnosticQuestion plain Enter does NOT submit the answer in question 3","invocations":1,"location":null,"numPassingAsserts":1,"retryReasons":[],"startAt":1781706695856,"status":"passed","title":"plain Enter does NOT submit the answer in question 3"},{"ancestorTitles":["DiagnosticQuestion"],"duration":47,"failing":false,"failureDetails":[],"failureMessages":[],"fullName":"DiagnosticQuestion keyboard hint \"Ctrl + Enter to submit\" is visible on question 3","invocations":1,"location":null,"numPassingAsserts":3,"retryReasons":[],"startAt":1781706695968,"status":"passed","title":"keyboard hint \"Ctrl + Enter to submit\" is visible on question 3"},{"ancestorTitles":["DiagnosticQuestion"],"duration":39,"failing":false,"failureDetails":[],"failureMessages":[],"fullName":"DiagnosticQuestion limits textarea input to maxChars","invocations":1,"location":null,"numPassingAsserts":1,"retryReasons":[],"startAt":1781706696016,"status":"passed","title":"limits textarea input to maxChars"},{"ancestorTitles":["DiagnosticQuestion"],"duration":129,"failing":false,"failureDetails":[],"failureMessages":[],"fullName":"DiagnosticQuestion disables inputs when loading","invocations":1,"location":null,"numPassingAsserts":4,"retryReasons":[],"startAt":1781706696056,"status":"passed","title":"disables inputs when loading"},{"ancestorTitles":["DiagnosticQuestion"],"duration":20,"failing":false,"failureDetails":[],"failureMessages":[],"fullName":"DiagnosticQuestion When onSpeak prop is provided, TTSButton renders on question 1","invocations":1,"location":null,"numPassingAsserts":1,"retryReasons":[],"startAt":1781706696186,"status":"passed","title":"When onSpeak prop is provided, TTSButton renders on question 1"},{"ancestorTitles":["DiagnosticQuestion"],"duration":16,"failing":false,"failureDetails":[],"failureMessages":[],"fullName":"DiagnosticQuestion When onSpeak prop is undefined/not provided, TTSButton does NOT render on question 1","invocations":1,"location":null,"numPassingAsserts":1,"retryReasons":[],"startAt":1781706696207,"status":"passed","title":"When onSpeak prop is undefined/not provided, TTSButton does NOT render on question 1"},{"ancestorTitles":["DiagnosticQuestion"],"duration":23,"failing":false,"failureDetails":[],"failureMessages":[],"fullName":"DiagnosticQuestion When onSpeak prop is provided, TTSButton renders on question 2","invocations":1,"location":null,"numPassingAsserts":1,"retryReasons":[],"startAt":1781706696223,"status":"passed","title":"When onSpeak prop is provided, TTSButton renders on question 2"},{"ancestorTitles":["DiagnosticQuestion"],"duration":17,"failing":false,"failureDetails":[],"failureMessages":[],"fullName":"DiagnosticQuestion When onSpeak prop is not provided, TTSButton does NOT render on question 2","invocations":1,"location":null,"numPassingAsserts":1,"retryReasons":[],"startAt":1781706696246,"status":"passed","title":"When onSpeak prop is not provided, TTSButton does NOT render on question 2"},{"ancestorTitles":["DiagnosticQuestion"],"duration":21,"failing":false,"failureDetails":[],"failureMessages":[],"fullName":"DiagnosticQuestion When onSpeak prop is provided, TTSButton renders on question 3","invocations":1,"location":null,"numPassingAsserts":1,"retryReasons":[],"startAt":1781706696263,"status":"passed","title":"When onSpeak prop is provided, TTSButton renders on question 3"},{"ancestorTitles":["DiagnosticQuestion"],"duration":19,"failing":false,"failureDetails":[],"failureMessages":[],"fullName":"DiagnosticQuestion When onSpeak prop is not provided, TTSButton does NOT render on question 3","invocations":1,"location":null,"numPassingAsserts":1,"retryReasons":[],"startAt":1781706696284,"status":"passed","title":"When onSpeak prop is not provided, TTSButton does NOT render on question 3"},{"ancestorTitles":["DiagnosticQuestion"],"duration":27,"failing":false,"failureDetails":[],"failureMessages":[],"fullName":"DiagnosticQuestion When STT error is truthy, the amber error message \"Voice input is unavailable\" appears","invocations":1,"location":null,"numPassingAsserts":1,"retryReasons":[],"startAt":1781706696304,"status":"passed","title":"When STT error is truthy, the amber error message \"Voice input is unavailable\" appears"},{"ancestorTitles":["DiagnosticQuestion"],"duration":19,"failing":false,"failureDetails":[],"failureMessages":[],"fullName":"DiagnosticQuestion When isListening is true and no error, the blue \"Listening\" pulse text appears","invocations":1,"location":null,"numPassingAsserts":1,"retryReasons":[],"startAt":1781706696331,"status":"passed","title":"When isListening is true and no error, the blue \"Listening\" pulse text appears"},{"ancestorTitles":["DiagnosticQuestion"],"duration":14,"failing":false,"failureDetails":[],"failureMessages":[],"fullName":"DiagnosticQuestion When isListening is false and no error, neither the error nor listening text appears","invocations":1,"location":null,"numPassingAsserts":2,"retryReasons":[],"startAt":1781706696351,"status":"passed","title":"When isListening is false and no error, neither the error nor listening text appears"},{"ancestorTitles":["DiagnosticQuestion"],"duration":13,"failing":false,"failureDetails":[],"failureMessages":[],"fullName":"DiagnosticQuestion getLanguageInfo returns 'en-US' as fallback when language code is unrecognized","invocations":1,"location":null,"numPassingAsserts":1,"retryReasons":[],"startAt":1781706696365,"status":"passed","title":"getLanguageInfo returns 'en-US' as fallback when language code is unrecognized"},{"ancestorTitles":["DiagnosticQuestion","STT Integration"],"duration":15,"failing":false,"failureDetails":[],"failureMessages":[],"fullName":"DiagnosticQuestion STT Integration does not update textarea when spoken text is empty","invocations":1,"location":null,"numPassingAsserts":1,"retryReasons":[],"startAt":1781706696378,"status":"passed","title":"does not update textarea when spoken text is empty"},{"ancestorTitles":["DiagnosticQuestion","STT Integration"],"duration":45,"failing":false,"failureDetails":[],"failureMessages":[],"fullName":"DiagnosticQuestion STT Integration appends spoken text with space separator when textarea is populated","invocations":1,"location":null,"numPassingAsserts":1,"retryReasons":[],"startAt":1781706696395,"status":"passed","title":"appends spoken text with space separator when textarea is populated"},{"ancestorTitles":["DiagnosticQuestion","STT Integration"],"duration":46,"failing":false,"failureDetails":[],"failureMessages":[],"fullName":"DiagnosticQuestion STT Integration slices combined text to maxChars (200)","invocations":1,"location":null,"numPassingAsserts":1,"retryReasons":[],"startAt":1781706696441,"status":"passed","title":"slices combined text to maxChars (200)"},{"ancestorTitles":["DiagnosticQuestion","STT Integration"],"duration":25,"failing":false,"failureDetails":[],"failureMessages":[],"fullName":"DiagnosticQuestion STT Integration The textarea prefix logic — when existing text is empty, appended STT text has no leading space; when existing text exists, appended STT text is separated by a space","invocations":1,"location":null,"numPassingAsserts":2,"retryReasons":[],"startAt":1781706696487,"status":"passed","title":"The textarea prefix logic — when existing text is empty, appended STT text has no leading space; when existing text exists, appended STT text is separated by a space"}],"endTime":1781706696519,"message":"","name":"C:\\Users\\SHAIKH\\OneDrive\\Desktop\\SSOC\\BallotIQ\\ballotiq\\__tests__\\components\\DiagnosticQuestion.test.tsx","startTime":1781706687596,"status":"passed","summary":""},{"assertionResults":[{"ancestorTitles":["QuizCard"],"duration":522,"failing":false,"failureDetails":[],"failureMessages":[],"fullName":"QuizCard has no accessibility violations","invocations":1,"location":null,"numPassingAsserts":1,"retryReasons":[],"startAt":1781706695748,"status":"passed","title":"has no accessibility violations"},{"ancestorTitles":["QuizCard"],"duration":44,"failing":false,"failureDetails":[],"failureMessages":[],"fullName":"QuizCard renders question and difficulty badge","invocations":1,"location":null,"numPassingAsserts":2,"retryReasons":[],"startAt":1781706696271,"status":"passed","title":"renders question and difficulty badge"},{"ancestorTitles":["QuizCard"],"duration":39,"failing":false,"failureDetails":[],"failureMessages":[],"fullName":"QuizCard renders all 4 options with labels","invocations":1,"location":null,"numPassingAsserts":4,"retryReasons":[],"startAt":1781706696315,"status":"passed","title":"renders all 4 options with labels"},{"ancestorTitles":["QuizCard"],"duration":68,"failing":false,"failureDetails":[],"failureMessages":[],"fullName":"QuizCard calls onAnswer when an option is clicked","invocations":1,"location":null,"numPassingAsserts":1,"retryReasons":[],"startAt":1781706696354,"status":"passed","title":"calls onAnswer when an option is clicked"},{"ancestorTitles":["QuizCard"],"duration":28,"failing":false,"failureDetails":[],"failureMessages":[],"fullName":"QuizCard shows explanation when showResult is true","invocations":1,"location":null,"numPassingAsserts":1,"retryReasons":[],"startAt":1781706696423,"status":"passed","title":"shows explanation when showResult is true"},{"ancestorTitles":["QuizCard"],"duration":34,"failing":false,"failureDetails":[],"failureMessages":[],"fullName":"QuizCard highlights correct option when showResult is true","invocations":1,"location":null,"numPassingAsserts":1,"retryReasons":[],"startAt":1781706696451,"status":"passed","title":"highlights correct option when showResult is true"},{"ancestorTitles":["QuizCard"],"duration":94,"failing":false,"failureDetails":[],"failureMessages":[],"fullName":"QuizCard renders correct aria-checked attribute for selected option","invocations":1,"location":null,"numPassingAsserts":2,"retryReasons":[],"startAt":1781706696485,"status":"passed","title":"renders correct aria-checked attribute for selected option"}],"endTime":1781706696582,"message":"","name":"C:\\Users\\SHAIKH\\OneDrive\\Desktop\\SSOC\\BallotIQ\\ballotiq\\__tests__\\components\\QuizCard.test.tsx","startTime":1781706694098,"status":"passed","summary":""},{"assertionResults":[{"ancestorTitles":["ErrorBoundary"],"duration":47,"failing":false,"failureDetails":[],"failureMessages":[],"fullName":"ErrorBoundary renders children when there is no error","invocations":1,"location":null,"numPassingAsserts":1,"retryReasons":[],"startAt":1781706696488,"status":"passed","title":"renders children when there is no error"},{"ancestorTitles":["ErrorBoundary"],"duration":152,"failing":false,"failureDetails":[],"failureMessages":[],"fullName":"ErrorBoundary renders the default fallback UI when a child throws","invocations":1,"location":null,"numPassingAsserts":2,"retryReasons":[],"startAt":1781706696540,"status":"passed","title":"renders the default fallback UI when a child throws"},{"ancestorTitles":["ErrorBoundary"],"duration":11,"failing":false,"failureDetails":[],"failureMessages":[],"fullName":"ErrorBoundary renders custom fallback prop when provided and a child throws","invocations":1,"location":null,"numPassingAsserts":1,"retryReasons":[],"startAt":1781706696692,"status":"passed","title":"renders custom fallback prop when provided and a child throws"},{"ancestorTitles":["ErrorBoundary"],"duration":46,"failing":false,"failureDetails":[],"failureMessages":[],"fullName":"ErrorBoundary \"Try Again\" button resets the error state and renders children again","invocations":1,"location":null,"numPassingAsserts":2,"retryReasons":[],"startAt":1781706696703,"status":"passed","title":"\"Try Again\" button resets the error state and renders children again"},{"ancestorTitles":["ErrorBoundary"],"duration":22,"failing":false,"failureDetails":[],"failureMessages":[],"fullName":"ErrorBoundary componentDidCatch calls console.error with the component name","invocations":1,"location":null,"numPassingAsserts":1,"retryReasons":[],"startAt":1781706696749,"status":"passed","title":"componentDidCatch calls console.error with the component name"},{"ancestorTitles":["ErrorBoundary"],"duration":20,"failing":false,"failureDetails":[],"failureMessages":[],"fullName":"ErrorBoundary works when analytics is null","invocations":1,"location":null,"numPassingAsserts":1,"retryReasons":[],"startAt":1781706696772,"status":"passed","title":"works when analytics is null"},{"ancestorTitles":["ErrorBoundary"],"duration":2,"failing":false,"failureDetails":[],"failureMessages":[],"fullName":"ErrorBoundary getDerivedStateFromError returns { hasError: true, error }","invocations":1,"location":null,"numPassingAsserts":1,"retryReasons":[],"startAt":1781706696792,"status":"passed","title":"getDerivedStateFromError returns { hasError: true, error }"}],"endTime":1781706696797,"message":"","name":"C:\\Users\\SHAIKH\\OneDrive\\Desktop\\SSOC\\BallotIQ\\ballotiq\\__tests__\\components\\ErrorBoundary.test.tsx","startTime":1781706695373,"status":"passed","summary":""},{"assertionResults":[{"ancestorTitles":["useAdaptiveLearning"],"duration":13,"failing":false,"failureDetails":[],"failureMessages":[],"fullName":"useAdaptiveLearning initializes with default values","invocations":1,"location":null,"numPassingAsserts":3,"retryReasons":[],"startAt":1781706696875,"status":"passed","title":"initializes with default values"},{"ancestorTitles":["useAdaptiveLearning"],"duration":12,"failing":false,"failureDetails":[],"failureMessages":[],"fullName":"useAdaptiveLearning resets errors on correct answer","invocations":1,"location":null,"numPassingAsserts":2,"retryReasons":[],"startAt":1781706696889,"status":"passed","title":"resets errors on correct answer"},{"ancestorTitles":["useAdaptiveLearning"],"duration":11,"failing":false,"failureDetails":[],"failureMessages":[],"fullName":"useAdaptiveLearning shows adaptation prompt after 2 consecutive errors","invocations":1,"location":null,"numPassingAsserts":6,"retryReasons":[],"startAt":1781706696901,"status":"passed","title":"shows adaptation prompt after 2 consecutive errors"},{"ancestorTitles":["useAdaptiveLearning"],"duration":6,"failing":false,"failureDetails":[],"failureMessages":[],"fullName":"useAdaptiveLearning calls reExplainConcept on failure","invocations":1,"location":null,"numPassingAsserts":2,"retryReasons":[],"startAt":1781706696912,"status":"passed","title":"calls reExplainConcept on failure"},{"ancestorTitles":["useAdaptiveLearning"],"duration":5,"failing":false,"failureDetails":[],"failureMessages":[],"fullName":"useAdaptiveLearning moves to next step","invocations":1,"location":null,"numPassingAsserts":2,"retryReasons":[],"startAt":1781706696918,"status":"passed","title":"moves to next step"},{"ancestorTitles":["useAdaptiveLearning"],"duration":9,"failing":false,"failureDetails":[],"failureMessages":[],"fullName":"useAdaptiveLearning retains adaptationActive state across step changes once triggered","invocations":1,"location":null,"numPassingAsserts":2,"retryReasons":[],"startAt":1781706696923,"status":"passed","title":"retains adaptationActive state across step changes once triggered"},{"ancestorTitles":["useAdaptiveLearning"],"duration":7,"failing":false,"failureDetails":[],"failureMessages":[],"fullName":"useAdaptiveLearning dismisses adaptation prompt and resets errors","invocations":1,"location":null,"numPassingAsserts":3,"retryReasons":[],"startAt":1781706696932,"status":"passed","title":"dismisses adaptation prompt and resets errors"},{"ancestorTitles":["useAdaptiveLearning"],"duration":7,"failing":false,"failureDetails":[],"failureMessages":[],"fullName":"useAdaptiveLearning does not trigger another prompt when adaptation is already active","invocations":1,"location":null,"numPassingAsserts":1,"retryReasons":[],"startAt":1781706696939,"status":"passed","title":"does not trigger another prompt when adaptation is already active"},{"ancestorTitles":["useAdaptiveLearning"],"duration":4,"failing":false,"failureDetails":[],"failureMessages":[],"fullName":"useAdaptiveLearning does not exceed max step index on moveToNextStep","invocations":1,"location":null,"numPassingAsserts":2,"retryReasons":[],"startAt":1781706696946,"status":"passed","title":"does not exceed max step index on moveToNextStep"}],"endTime":1781706696952,"message":"","name":"C:\\Users\\SHAIKH\\OneDrive\\Desktop\\SSOC\\BallotIQ\\ballotiq\\__tests__\\hooks\\useAdaptiveLearning.test.ts","startTime":1781706695878,"status":"passed","summary":""},{"assertionResults":[{"ancestorTitles":["COUNTRIES constants"],"duration":3,"failing":false,"failureDetails":[],"failureMessages":[],"fullName":"COUNTRIES constants has exactly 8 entries","invocations":1,"location":null,"numPassingAsserts":1,"retryReasons":[],"startAt":1781706696956,"status":"passed","title":"has exactly 8 entries"},{"ancestorTitles":["COUNTRIES constants"],"duration":22,"failing":false,"failureDetails":[],"failureMessages":[],"fullName":"COUNTRIES constants all countries have required fields","invocations":1,"location":null,"numPassingAsserts":64,"retryReasons":[],"startAt":1781706696959,"status":"passed","title":"all countries have required fields"},{"ancestorTitles":["COUNTRIES constants"],"duration":0,"failing":false,"failureDetails":[],"failureMessages":[],"fullName":"COUNTRIES constants India has Tamil in languages array","invocations":1,"location":null,"numPassingAsserts":1,"retryReasons":[],"startAt":1781706696982,"status":"passed","title":"India has Tamil in languages array"},{"ancestorTitles":["COUNTRIES constants"],"duration":2,"failing":false,"failureDetails":[],"failureMessages":[],"fullName":"COUNTRIES constants Brazil has Portuguese (pt) and not Spanish (es) in languages array","invocations":1,"location":null,"numPassingAsserts":2,"retryReasons":[],"startAt":1781706696983,"status":"passed","title":"Brazil has Portuguese (pt) and not Spanish (es) in languages array"},{"ancestorTitles":["COUNTRIES constants"],"duration":1,"failing":false,"failureDetails":[],"failureMessages":[],"fullName":"COUNTRIES constants no duplicate country codes","invocations":1,"location":null,"numPassingAsserts":1,"retryReasons":[],"startAt":1781706696985,"status":"passed","title":"no duplicate country codes"},{"ancestorTitles":["getCountryByCode"],"duration":1,"failing":false,"failureDetails":[],"failureMessages":[],"fullName":"getCountryByCode returns India for \"IN\"","invocations":1,"location":null,"numPassingAsserts":1,"retryReasons":[],"startAt":1781706696987,"status":"passed","title":"returns India for \"IN\""},{"ancestorTitles":["getCountryByCode"],"duration":2,"failing":false,"failureDetails":[],"failureMessages":[],"fullName":"getCountryByCode is case insensitive","invocations":1,"location":null,"numPassingAsserts":1,"retryReasons":[],"startAt":1781706696988,"status":"passed","title":"is case insensitive"},{"ancestorTitles":["getCountryByCode"],"duration":2,"failing":false,"failureDetails":[],"failureMessages":[],"fullName":"getCountryByCode returns undefined for invalid code","invocations":1,"location":null,"numPassingAsserts":1,"retryReasons":[],"startAt":1781706696991,"status":"passed","title":"returns undefined for invalid code"},{"ancestorTitles":["getAllCountryCodes"],"duration":2,"failing":false,"failureDetails":[],"failureMessages":[],"fullName":"getAllCountryCodes returns all 8 codes","invocations":1,"location":null,"numPassingAsserts":3,"retryReasons":[],"startAt":1781706696994,"status":"passed","title":"returns all 8 codes"}],"endTime":1781706696998,"message":"","name":"C:\\Users\\SHAIKH\\OneDrive\\Desktop\\SSOC\\BallotIQ\\ballotiq\\__tests__\\lib\\countries.test.ts","startTime":1781706696445,"status":"passed","summary":""},{"assertionResults":[{"ancestorTitles":["buildAssistantUserMessage — XML boundary isolation"],"duration":4,"failing":false,"failureDetails":[],"failureMessages":[],"fullName":"buildAssistantUserMessage — XML boundary isolation wraps the sanitized question in <user_input> tags","invocations":1,"location":null,"numPassingAsserts":1,"retryReasons":[],"startAt":1781706696722,"status":"passed","title":"wraps the sanitized question in <user_input> tags"},{"ancestorTitles":["buildAssistantUserMessage — XML boundary isolation"],"duration":1,"failing":false,"failureDetails":[],"failureMessages":[],"fullName":"buildAssistantUserMessage — XML boundary isolation does NOT use the old raw USER QUESTION: prefix","invocations":1,"location":null,"numPassingAsserts":1,"retryReasons":[],"startAt":1781706696727,"status":"passed","title":"does NOT use the old raw USER QUESTION: prefix"},{"ancestorTitles":["buildAssistantUserMessage — XML boundary isolation"],"duration":2,"failing":false,"failureDetails":[],"failureMessages":[],"fullName":"buildAssistantUserMessage — XML boundary isolation prevents </user_input> tag injection via sanitizer escaping","invocations":1,"location":null,"numPassingAsserts":3,"retryReasons":[],"startAt":1781706696728,"status":"passed","title":"prevents </user_input> tag injection via sanitizer escaping"},{"ancestorTitles":["buildAssistantUserMessage — XML boundary isolation"],"duration":2,"failing":false,"failureDetails":[],"failureMessages":[],"fullName":"buildAssistantUserMessage — XML boundary isolation includes chat history context before the XML-tagged question","invocations":1,"location":null,"numPassingAsserts":2,"retryReasons":[],"startAt":1781706696730,"status":"passed","title":"includes chat history context before the XML-tagged question"},{"ancestorTitles":["buildAssistantUserMessage — XML boundary isolation"],"duration":2,"failing":false,"failureDetails":[],"failureMessages":[],"fullName":"buildAssistantUserMessage — XML boundary isolation works correctly with empty chat history","invocations":1,"location":null,"numPassingAsserts":2,"retryReasons":[],"startAt":1781706696732,"status":"passed","title":"works correctly with empty chat history"},{"ancestorTitles":["buildAssistantSystemPrompt — anti-injection Rule 12"],"duration":307,"failing":false,"failureDetails":[],"failureMessages":[],"fullName":"buildAssistantSystemPrompt — anti-injection Rule 12 includes an explicit anti-injection security rule","invocations":1,"location":null,"numPassingAsserts":3,"retryReasons":[],"startAt":1781706696734,"status":"passed","title":"includes an explicit anti-injection security rule"},{"ancestorTitles":["buildAssistantSystemPrompt — anti-injection Rule 12"],"duration":2,"failing":false,"failureDetails":[],"failureMessages":[],"fullName":"buildAssistantSystemPrompt — anti-injection Rule 12 includes the conversation summary when provided","invocations":1,"location":null,"numPassingAsserts":2,"retryReasons":[],"startAt":1781706697041,"status":"passed","title":"includes the conversation summary when provided"},{"ancestorTitles":["buildAssistantSystemPrompt — anti-injection Rule 12"],"duration":2,"failing":false,"failureDetails":[],"failureMessages":[],"fullName":"buildAssistantSystemPrompt — anti-injection Rule 12 instructs the model to ignore instructions inside <user_input> tags","invocations":1,"location":null,"numPassingAsserts":1,"retryReasons":[],"startAt":1781706697044,"status":"passed","title":"instructs the model to ignore instructions inside <user_input> tags"},{"ancestorTitles":["buildPersonalizedGuidePrompt — XML boundary isolation"],"duration":2,"failing":false,"failureDetails":[],"failureMessages":[],"fullName":"buildPersonalizedGuidePrompt — XML boundary isolation wraps userConfusion in <user_input> tags","invocations":1,"location":null,"numPassingAsserts":1,"retryReasons":[],"startAt":1781706697046,"status":"passed","title":"wraps userConfusion in <user_input> tags"},{"ancestorTitles":["buildPersonalizedGuidePrompt — XML boundary isolation"],"duration":1,"failing":false,"failureDetails":[],"failureMessages":[],"fullName":"buildPersonalizedGuidePrompt — XML boundary isolation prevents </user_input> tag injection in userConfusion field","invocations":1,"location":null,"numPassingAsserts":2,"retryReasons":[],"startAt":1781706697048,"status":"passed","title":"prevents </user_input> tag injection in userConfusion field"},{"ancestorTitles":["buildPersonalizedGuidePrompt — XML boundary isolation"],"duration":1,"failing":false,"failureDetails":[],"failureMessages":[],"fullName":"buildPersonalizedGuidePrompt — XML boundary isolation includes a SECURITY rule for untrusted content in <user_input>","invocations":1,"location":null,"numPassingAsserts":2,"retryReasons":[],"startAt":1781706697050,"status":"passed","title":"includes a SECURITY rule for untrusted content in <user_input>"}],"endTime":1781706697054,"message":"","name":"C:\\Users\\SHAIKH\\OneDrive\\Desktop\\SSOC\\BallotIQ\\ballotiq\\__tests__\\lib\\promptBuilders.test.ts","startTime":1781706696093,"status":"passed","summary":""},{"assertionResults":[{"ancestorTitles":["sanitizeUserInput — prompt injection defence"],"duration":3,"failing":false,"failureDetails":[],"failureMessages":[],"fullName":"sanitizeUserInput — prompt injection defence does not strip injection phrases to prevent payload mutation","invocations":1,"location":null,"numPassingAsserts":1,"retryReasons":[],"startAt":1781706697110,"status":"passed","title":"does not strip injection phrases to prevent payload mutation"},{"ancestorTitles":["sanitizeUserInput — prompt injection defence"],"duration":1,"failing":false,"failureDetails":[],"failureMessages":[],"fullName":"sanitizeUserInput — prompt injection defence does not strip \"system:\" prefix — removal could assemble new payloads","invocations":1,"location":null,"numPassingAsserts":1,"retryReasons":[],"startAt":1781706697114,"status":"passed","title":"does not strip \"system:\" prefix — removal could assemble new payloads"},{"ancestorTitles":["sanitizeUserInput — prompt injection defence"],"duration":0,"failing":false,"failureDetails":[],"failureMessages":[],"fullName":"sanitizeUserInput — prompt injection defence preserves [INST] tags — removal could assemble injection payloads","invocations":1,"location":null,"numPassingAsserts":1,"retryReasons":[],"startAt":1781706697116,"status":"passed","title":"preserves [INST] tags — removal could assemble injection payloads"},{"ancestorTitles":["sanitizeUserInput — prompt injection defence"],"duration":1,"failing":false,"failureDetails":[],"failureMessages":[],"fullName":"sanitizeUserInput — prompt injection defence does not strip synonyms of known injection phrases","invocations":1,"location":null,"numPassingAsserts":1,"retryReasons":[],"startAt":1781706697117,"status":"passed","title":"does not strip synonyms of known injection phrases"},{"ancestorTitles":["sanitizeUserInput — XSS and XML boundary protection"],"duration":4,"failing":false,"failureDetails":[],"failureMessages":[],"fullName":"sanitizeUserInput — XSS and XML boundary protection escapes < and > to prevent </user_input> tag injection into prompts","invocations":1,"location":null,"numPassingAsserts":4,"retryReasons":[],"startAt":1781706697118,"status":"passed","title":"escapes < and > to prevent </user_input> tag injection into prompts"},{"ancestorTitles":["sanitizeUserInput — XSS and XML boundary protection"],"duration":1,"failing":false,"failureDetails":[],"failureMessages":[],"fullName":"sanitizeUserInput — XSS and XML boundary protection escapes standalone < character","invocations":1,"location":null,"numPassingAsserts":1,"retryReasons":[],"startAt":1781706697122,"status":"passed","title":"escapes standalone < character"},{"ancestorTitles":["sanitizeUserInput — XSS and XML boundary protection"],"duration":1,"failing":false,"failureDetails":[],"failureMessages":[],"fullName":"sanitizeUserInput — XSS and XML boundary protection escapes standalone > character","invocations":1,"location":null,"numPassingAsserts":1,"retryReasons":[],"startAt":1781706697124,"status":"passed","title":"escapes standalone > character"},{"ancestorTitles":["sanitizeUserInput — XSS and XML boundary protection"],"duration":2,"failing":false,"failureDetails":[],"failureMessages":[],"fullName":"sanitizeUserInput — XSS and XML boundary protection escapes & to prevent HTML entity injection","invocations":1,"location":null,"numPassingAsserts":1,"retryReasons":[],"startAt":1781706697125,"status":"passed","title":"escapes & to prevent HTML entity injection"},{"ancestorTitles":["sanitizeUserInput — XSS and XML boundary protection"],"duration":1,"failing":false,"failureDetails":[],"failureMessages":[],"fullName":"sanitizeUserInput — XSS and XML boundary protection escapes double quotes to prevent attribute injection","invocations":1,"location":null,"numPassingAsserts":1,"retryReasons":[],"startAt":1781706697127,"status":"passed","title":"escapes double quotes to prevent attribute injection"},{"ancestorTitles":["sanitizeUserInput — length cap"],"duration":2,"failing":false,"failureDetails":[],"failureMessages":[],"fullName":"sanitizeUserInput — length cap truncates input to 500 characters to prevent token-stuffing attacks","invocations":1,"location":null,"numPassingAsserts":1,"retryReasons":[],"startAt":1781706697128,"status":"passed","title":"truncates input to 500 characters to prevent token-stuffing attacks"},{"ancestorTitles":["sanitizeUserInput — length cap"],"duration":1,"failing":false,"failureDetails":[],"failureMessages":[],"fullName":"sanitizeUserInput — length cap preserves input at exactly the limit","invocations":1,"location":null,"numPassingAsserts":1,"retryReasons":[],"startAt":1781706697131,"status":"passed","title":"preserves input at exactly the limit"},{"ancestorTitles":["sanitizeUserInput — length cap"],"duration":1,"failing":false,"failureDetails":[],"failureMessages":[],"fullName":"sanitizeUserInput — length cap trims leading and trailing whitespace","invocations":1,"location":null,"numPassingAsserts":1,"retryReasons":[],"startAt":1781706697132,"status":"passed","title":"trims leading and trailing whitespace"},{"ancestorTitles":["sanitizeUserInput — edge cases"],"duration":1,"failing":false,"failureDetails":[],"failureMessages":[],"fullName":"sanitizeUserInput — edge cases returns empty string for empty input","invocations":1,"location":null,"numPassingAsserts":1,"retryReasons":[],"startAt":1781706697133,"status":"passed","title":"returns empty string for empty input"},{"ancestorTitles":["sanitizeUserInput — edge cases"],"duration":
[...]
rageReport returns allRequiredCovered: true when all countries pass","invocations":1,"location":null,"numPassingAsserts":1,"retryReasons":[],"startAt":1781706697173,"status":"passed","title":"returns allRequiredCovered: true when all countries pass"},{"ancestorTitles":["getCoverageReport"],"duration":6,"failing":false,"failureDetails":[],"failureMessages":[],"fullName":"getCoverageReport each country entry lists its covered intents","invocations":1,"location":null,"numPassingAsserts":16,"retryReasons":[],"startAt":1781706697175,"status":"passed","title":"each country entry lists its covered intents"},{"ancestorTitles":["getCoverageReport"],"duration":0,"failing":false,"failureDetails":[],"failureMessages":[],"fullName":"getCoverageReport is synchronous — returns a value, not a Promise","invocations":1,"location":null,"numPassingAsserts":1,"retryReasons":[],"startAt":1781706697182,"status":"passed","title":"is synchronous — returns a value, not a Promise"},{"ancestorTitles":["getCoveredIntents"],"duration":1,"failing":false,"failureDetails":[],"failureMessages":[],"fullName":"getCoveredIntents returns a Set containing voter_registration for India","invocations":1,"location":null,"numPassingAsserts":1,"retryReasons":[],"startAt":1781706697183,"status":"passed","title":"returns a Set containing voter_registration for India"},{"ancestorTitles":["getCoveredIntents"],"duration":1,"failing":false,"failureDetails":[],"failureMessages":[],"fullName":"getCoveredIntents is case-insensitive","invocations":1,"location":null,"numPassingAsserts":1,"retryReasons":[],"startAt":1781706697184,"status":"passed","title":"is case-insensitive"},{"ancestorTitles":["getCoveredIntents"],"duration":3,"failing":false,"failureDetails":[],"failureMessages":[],"fullName":"getCoveredIntents returns an empty Set for an unsupported country code","invocations":1,"location":null,"numPassingAsserts":1,"retryReasons":[],"startAt":1781706697185,"status":"passed","title":"returns an empty Set for an unsupported country code"},{"ancestorTitles":["hasIntentCoverage"],"duration":1,"failing":false,"failureDetails":[],"failureMessages":[],"fullName":"hasIntentCoverage returns true when India has voter_registration coverage","invocations":1,"location":null,"numPassingAsserts":1,"retryReasons":[],"startAt":1781706697188,"status":"passed","title":"returns true when India has voter_registration coverage"},{"ancestorTitles":["hasIntentCoverage"],"duration":1,"failing":false,"failureDetails":[],"failureMessages":[],"fullName":"hasIntentCoverage returns true when US has eligibility coverage","invocations":1,"location":null,"numPassingAsserts":1,"retryReasons":[],"startAt":1781706697189,"status":"passed","title":"returns true when US has eligibility coverage"},{"ancestorTitles":["hasIntentCoverage"],"duration":2,"failing":false,"failureDetails":[],"failureMessages":[],"fullName":"hasIntentCoverage returns false for an unsupported country","invocations":1,"location":null,"numPassingAsserts":1,"retryReasons":[],"startAt":1781706697190,"status":"passed","title":"returns false for an unsupported country"},{"ancestorTitles":["hasIntentCoverage"],"duration":1,"failing":false,"failureDetails":[],"failureMessages":[],"fullName":"hasIntentCoverage returns false for an intent with no FAQ entry even in a supported country","invocations":1,"location":null,"numPassingAsserts":1,"retryReasons":[],"startAt":1781706697192,"status":"passed","title":"returns false for an intent with no FAQ entry even in a supported country"},{"ancestorTitles":["MINIMUM_REQUIRED_INTENTS"],"duration":3,"failing":false,"failureDetails":[],"failureMessages":[],"fullName":"MINIMUM_REQUIRED_INTENTS contains at least voter_registration, voting_process, and eligibility","invocations":1,"location":null,"numPassingAsserts":3,"retryReasons":[],"startAt":1781706697194,"status":"passed","title":"contains at least voter_registration, voting_process, and eligibility"},{"ancestorTitles":["MINIMUM_REQUIRED_INTENTS"],"duration":1,"failing":false,"failureDetails":[],"failureMessages":[],"fullName":"MINIMUM_REQUIRED_INTENTS does not contain unknown","invocations":1,"location":null,"numPassingAsserts":1,"retryReasons":[],"startAt":1781706697197,"status":"passed","title":"does not contain unknown"}],"endTime":1781706697200,"message":"","name":"C:\\Users\\SHAIKH\\OneDrive\\Desktop\\SSOC\\BallotIQ\\ballotiq\\__tests__\\lib\\coverageMap.test.ts","startTime":1781706696642,"status":"passed","summary":""},{"assertionResults":[{"ancestorTitles":["parseGeminiJSON"],"duration":36,"failing":false,"failureDetails":[],"failureMessages":[],"fullName":"parseGeminiJSON returns fallback on invalid JSON","invocations":1,"location":null,"numPassingAsserts":1,"retryReasons":[],"startAt":1781706697132,"status":"passed","title":"returns fallback on invalid JSON"},{"ancestorTitles":["parseGeminiJSON"],"duration":4,"failing":false,"failureDetails":[],"failureMessages":[],"fullName":"parseGeminiJSON returns fallback when validator fails","invocations":1,"location":null,"numPassingAsserts":1,"retryReasons":[],"startAt":1781706697168,"status":"passed","title":"returns fallback when validator fails"},{"ancestorTitles":["parseGeminiJSON"],"duration":1,"failing":false,"failureDetails":[],"failureMessages":[],"fullName":"parseGeminiJSON returns parsed data when valid","invocations":1,"location":null,"numPassingAsserts":1,"retryReasons":[],"startAt":1781706697172,"status":"passed","title":"returns parsed data when valid"},{"ancestorTitles":["parseGeminiJSON"],"duration":1,"failing":false,"failureDetails":[],"failureMessages":[],"fullName":"parseGeminiJSON strips markdown code fences before parsing","invocations":1,"location":null,"numPassingAsserts":1,"retryReasons":[],"startAt":1781706697173,"status":"passed","title":"strips markdown code fences before parsing"},{"ancestorTitles":["parseGeminiJSON"],"duration":2,"failing":false,"failureDetails":[],"failureMessages":[],"fullName":"parseGeminiJSON returns fallback for empty string","invocations":1,"location":null,"numPassingAsserts":1,"retryReasons":[],"startAt":1781706697175,"status":"passed","title":"returns fallback for empty string"},{"ancestorTitles":["parseGeminiJSON"],"duration":2,"failing":false,"failureDetails":[],"failureMessages":[],"fullName":"parseGeminiJSON logs a warning when JSON repair fails","invocations":1,"location":null,"numPassingAsserts":2,"retryReasons":[],"startAt":1781706697177,"status":"passed","title":"logs a warning when JSON repair fails"},{"ancestorTitles":["parseGeminiJSON"],"duration":1,"failing":false,"failureDetails":[],"failureMessages":[],"fullName":"parseGeminiJSON logs a warning when type validation fails","invocations":1,"location":null,"numPassingAsserts":2,"retryReasons":[],"startAt":1781706697180,"status":"passed","title":"logs a warning when type validation fails"},{"ancestorTitles":["isElectionStepsArray"],"duration":1,"failing":false,"failureDetails":[],"failureMessages":[],"fullName":"isElectionStepsArray returns true for valid array","invocations":1,"location":null,"numPassingAsserts":1,"retryReasons":[],"startAt":1781706697182,"status":"passed","title":"returns true for valid array"},{"ancestorTitles":["isElectionStepsArray"],"duration":1,"failing":false,"failureDetails":[],"failureMessages":[],"fullName":"isElectionStepsArray returns false for non-array","invocations":1,"location":null,"numPassingAsserts":1,"retryReasons":[],"startAt":1781706697183,"status":"passed","title":"returns false for non-array"},{"ancestorTitles":["isElectionStepsArray"],"duration":1,"failing":false,"failureDetails":[],"failureMessages":[],"fullName":"isElectionStepsArray returns false for empty array","invocations":1,"location":null,"numPassingAsserts":1,"retryReasons":[],"startAt":1781706697184,"status":"passed","title":"returns false for empty array"},{"ancestorTitles":["isElectionStepsArray"],"duration":1,"failing":false,"failureDetails":[],"failureMessages":[],"fullName":"isElectionStepsArray returns false for array missing required fields","invocations":1,"location":null,"numPassingAsserts":1,"retryReasons":[],"startAt":1781706697186,"status":"passed","title":"returns false for array missing required fields"},{"ancestorTitles":["isElectionStepsArray"],"duration":1,"failing":false,"failureDetails":[],"failureMessages":[],"fullName":"isElectionStepsArray returns false for null","invocations":1,"location":null,"numPassingAsserts":1,"retryReasons":[],"startAt":1781706697187,"status":"passed","title":"returns false for null"},{"ancestorTitles":["isQuizQuestionsArray"],"duration":1,"failing":false,"failureDetails":[],"failureMessages":[],"fullName":"isQuizQuestionsArray validates correctly for valid array","invocations":1,"location":null,"numPassingAsserts":1,"retryReasons":[],"startAt":1781706697188,"status":"passed","title":"validates correctly for valid array"},{"ancestorTitles":["isQuizQuestionsArray"],"duration":1,"failing":false,"failureDetails":[],"failureMessages":[],"fullName":"isQuizQuestionsArray returns false for wrong option count","invocations":1,"location":null,"numPassingAsserts":1,"retryReasons":[],"startAt":1781706697190,"status":"passed","title":"returns false for wrong option count"},{"ancestorTitles":["isQuizQuestionsArray"],"duration":1,"failing":false,"failureDetails":[],"failureMessages":[],"fullName":"isQuizQuestionsArray returns false for invalid correctIndex","invocations":1,"location":null,"numPassingAsserts":1,"retryReasons":[],"startAt":1781706697191,"status":"passed","title":"returns false for invalid correctIndex"},{"ancestorTitles":["isQuizQuestionsArray"],"duration":1,"failing":false,"failureDetails":[],"failureMessages":[],"fullName":"isQuizQuestionsArray returns false when relatedStepId is missing","invocations":1,"location":null,"numPassingAsserts":1,"retryReasons":[],"startAt":1781706697192,"status":"passed","title":"returns false when relatedStepId is missing"},{"ancestorTitles":["isMicroQuizQuestion"],"duration":1,"failing":false,"failureDetails":[],"failureMessages":[],"fullName":"isMicroQuizQuestion validates correctly for valid question","invocations":1,"location":null,"numPassingAsserts":1,"retryReasons":[],"startAt":1781706697193,"status":"passed","title":"validates correctly for valid question"},{"ancestorTitles":["isMicroQuizQuestion"],"duration":0,"failing":false,"failureDetails":[],"failureMessages":[],"fullName":"isMicroQuizQuestion returns false for missing hint","invocations":1,"location":null,"numPassingAsserts":1,"retryReasons":[],"startAt":1781706697195,"status":"passed","title":"returns false for missing hint"},{"ancestorTitles":["isMicroQuizQuestion"],"duration":1,"failing":false,"failureDetails":[],"failureMessages":[],"fullName":"isMicroQuizQuestion returns false for null","invocations":1,"location":null,"numPassingAsserts":1,"retryReasons":[],"startAt":1781706697196,"status":"passed","title":"returns false for null"},{"ancestorTitles":["isAssessmentResult"],"duration":1,"failing":false,"failureDetails":[],"failureMessages":[],"fullName":"isAssessmentResult validates valid assessment result","invocations":1,"location":null,"numPassingAsserts":1,"retryReasons":[],"startAt":1781706697198,"status":"passed","title":"validates valid assessment result"},{"ancestorTitles":["isAssessmentResult"],"duration":1,"failing":false,"failureDetails":[],"failureMessages":[],"fullName":"isAssessmentResult returns false for invalid knowledge level","invocations":1,"location":null,"numPassingAsserts":1,"retryReasons":[],"startAt":1781706697199,"status":"passed","title":"returns false for invalid knowledge level"},{"ancestorTitles":["isAssessmentResult"],"duration":1,"failing":false,"failureDetails":[],"failureMessages":[],"fullName":"isAssessmentResult returns false for zero step count","invocations":1,"location":null,"numPassingAsserts":1,"retryReasons":[],"startAt":1781706697201,"status":"passed","title":"returns false for zero step count"}],"endTime":1781706697204,"message":"","name":"C:\\Users\\SHAIKH\\OneDrive\\Desktop\\SSOC\\BallotIQ\\ballotiq\\__tests__\\lib\\validator.test.ts","startTime":1781706696589,"status":"passed","summary":""},{"assertionResults":[{"ancestorTitles":["copyToClipboard"],"duration":3,"failing":false,"failureDetails":[],"failureMessages":[],"fullName":"copyToClipboard uses navigator.clipboard.writeText if available and resolves true","invocations":1,"location":null,"numPassingAsserts":3,"retryReasons":[],"startAt":1781706697282,"status":"passed","title":"uses navigator.clipboard.writeText if available and resolves true"},{"ancestorTitles":["copyToClipboard"],"duration":6,"failing":false,"failureDetails":[],"failureMessages":[],"fullName":"copyToClipboard falls back to document.execCommand if navigator.clipboard throws an error","invocations":1,"location":null,"numPassingAsserts":3,"retryReasons":[],"startAt":1781706697285,"status":"passed","title":"falls back to document.execCommand if navigator.clipboard throws an error"},{"ancestorTitles":["copyToClipboard"],"duration":2,"failing":false,"failureDetails":[],"failureMessages":[],"fullName":"copyToClipboard falls back to document.execCommand if navigator.clipboard is not supported","invocations":1,"location":null,"numPassingAsserts":2,"retryReasons":[],"startAt":1781706697291,"status":"passed","title":"falls back to document.execCommand if navigator.clipboard is not supported"},{"ancestorTitles":["copyToClipboard"],"duration":2,"failing":false,"failureDetails":[],"failureMessages":[],"fullName":"copyToClipboard returns false if both writeText and execCommand fail","invocations":1,"location":null,"numPassingAsserts":2,"retryReasons":[],"startAt":1781706697293,"status":"passed","title":"returns false if both writeText and execCommand fail"},{"ancestorTitles":["copyToClipboard"],"duration":2,"failing":false,"failureDetails":[],"failureMessages":[],"fullName":"copyToClipboard returns false if document.execCommand throws an error","invocations":1,"location":null,"numPassingAsserts":2,"retryReasons":[],"startAt":1781706697295,"status":"passed","title":"returns false if document.execCommand throws an error"}],"endTime":1781706697298,"message":"","name":"C:\\Users\\SHAIKH\\OneDrive\\Desktop\\SSOC\\BallotIQ\\ballotiq\\__tests__\\lib\\clipboard.test.ts","startTime":1781706696831,"status":"passed","summary":""},{"assertionResults":[{"ancestorTitles":["detectIntentWithConfidence"],"duration":3,"failing":false,"failureDetails":[],"failureMessages":[],"fullName":"detectIntentWithConfidence returns voter_registration with high confidence for a clear registration query","invocations":1,"location":null,"numPassingAsserts":2,"retryReasons":[],"startAt":1781706697351,"status":"passed","title":"returns voter_registration with high confidence for a clear registration query"},{"ancestorTitles":["detectIntentWithConfidence"],"duration":1,"failing":false,"failureDetails":[],"failureMessages":[],"fullName":"detectIntentWithConfidence returns voting_process with high confidence for an EVM question","invocations":1,"location":null,"numPassingAsserts":2,"retryReasons":[],"startAt":1781706697355,"status":"passed","title":"returns voting_process with high confidence for an EVM question"},{"ancestorTitles":["detectIntentWithConfidence"],"duration":2,"failing":false,"failureDetails":[],"failureMessages":[],"fullName":"detectIntentWithConfidence returns eligibility with high confidence for an age question","invocations":1,"location":null,"numPassingAsserts":2,"retryReasons":[],"startAt":1781706697356,"status":"passed","title":"returns eligibility with high confidence for an age question"},{"ancestorTitles":["detectIntentWithConfidence"],"duration":1,"failing":false,"failureDetails":[],"failureMessages":[],"fullName":"detectIntentWithConfidence returns election_dates with high confidence for a date question","invocations":1,"location":null,"numPassingAsserts":2,"retryReasons":[],"startAt":1781706697358,"status":"passed","title":"returns election_dates with high confidence for a date question"},{"ancestorTitles":["detectIntentWithConfidence"],"duration":1,"failing":false,"failureDetails":[],"failureMessages":[],"fullName":"detectIntentWithConfidence returns id_requirements with high confidence for a documents question","invocations":1,"location":null,"numPassingAsserts":2,"retryReasons":[],"startAt":1781706697359,"status":"passed","title":"returns id_requirements with high confidence for a documents question"},{"ancestorTitles":["detectIntentWithConfidence"],"duration":0,"failing":false,"failureDetails":[],"failureMessages":[],"fullName":"detectIntentWithConfidence returns results_counting with high confidence for a counting question","invocations":1,"location":null,"numPassingAsserts":2,"retryReasons":[],"startAt":1781706697360,"status":"passed","title":"returns results_counting with high confidence for a counting question"},{"ancestorTitles":["detectIntentWithConfidence"],"duration":0,"failing":false,"failureDetails":[],"failureMessages":[],"fullName":"detectIntentWithConfidence returns unknown with zero confidence for a completely off-topic query","invocations":1,"location":null,"numPassingAsserts":2,"retryReasons":[],"startAt":1781706697361,"status":"passed","title":"returns unknown with zero confidence for a completely off-topic query"},{"ancestorTitles":["detectIntentWithConfidence"],"duration":2,"failing":false,"failureDetails":[],"failureMessages":[],"fullName":"detectIntentWithConfidence returns low confidence and the best-guess intent for weak signals","invocations":1,"location":null,"numPassingAsserts":1,"retryReasons":[],"startAt":1781706697361,"status":"passed","title":"returns low confidence and the best-guess intent for weak signals"},{"ancestorTitles":["detectIntentWithConfidence"],"duration":1,"failing":false,"failureDetails":[],"failureMessages":[],"fullName":"detectIntentWithConfidence confidence is normalised and never exceeds 1.0","invocations":1,"location":null,"numPassingAsserts":2,"retryReasons":[],"startAt":1781706697363,"status":"passed","title":"confidence is normalised and never exceeds 1.0"},{"ancestorTitles":["detectIntentWithConfidence"],"duration":1,"failing":false,"failureDetails":[],"failureMessages":[],"fullName":"detectIntentWithConfidence does NOT produce false-positive registration from a negative statement","invocations":1,"location":null,"numPassingAsserts":1,"retryReasons":[],"startAt":1781706697364,"status":"passed","title":"does NOT produce false-positive registration from a negative statement"},{"ancestorTitles":["detectIntent (backwards-compatible wrapper)"],"duration":1,"failing":false,"failureDetails":[],"failureMessages":[],"fullName":"detectIntent (backwards-compatible wrapper) returns the intent when confidence is at or above the threshold","invocations":1,"location":null,"numPassingAsserts":1,"retryReasons":[],"startAt":1781706697365,"status":"passed","title":"returns the intent when confidence is at or above the threshold"},{"ancestorTitles":["detectIntent (backwards-compatible wrapper)"],"duration":0,"failing":false,"failureDetails":[],"failureMessages":[],"fullName":"detectIntent (backwards-compatible wrapper) returns unknown when confidence is below the threshold","invocations":1,"location":null,"numPassingAsserts":1,"retryReasons":[],"startAt":1781706697366,"status":"passed","title":"returns unknown when confidence is below the threshold"},{"ancestorTitles":["detectIntent (backwards-compatible wrapper)"],"duration":1,"failing":false,"failureDetails":[],"failureMessages":[],"fullName":"detectIntent (backwards-compatible wrapper) returns unknown for empty string","invocations":1,"location":null,"numPassingAsserts":1,"retryReasons":[],"startAt":1781706697366,"status":"passed","title":"returns unknown for empty string"}],"endTime":1781706697368,"message":"","name":"C:\\Users\\SHAIKH\\OneDrive\\Desktop\\SSOC\\BallotIQ\\ballotiq\\__tests__\\lib\\intentEngine.test.ts","startTime":1781706696990,"status":"passed","summary":""}],"wasInterrupted":false}
